<?xml version="1.0" encoding="UTF-8"?>
<!-- Generated by org.testng.reporters.JUnitXMLReporter -->
<testsuite hostname="ma-MS-7972" ignored="0" name="说明：1 预期结果前面显法false_表示预期结果不是后面的值;2 用例描述中显示值为空时，表示参数值为空字符串" tests="158" failures="0" timestamp="2019-09-30T10:07:43 CST" time="133.984" errors="0">
  <testcase name="cfcaTest" time="1.481" classname="com.tsa.ra.testcase.RaTestCase"/>
  <testcase name="cfcaTest" time="1.116" classname="com.tsa.ra.testcase.RaTestCase"/>
  <testcase name="cfcaTest" time="1.099" classname="com.tsa.ra.testcase.RaTestCase"/>
  <testcase name="cfcaTest" time="1.076" classname="com.tsa.ra.testcase.RaTestCase"/>
  <testcase name="cfcaTest" time="1.078" classname="com.tsa.ra.testcase.RaTestCase"/>
  <testcase name="cfcaTest" time="1.109" classname="com.tsa.ra.testcase.RaTestCase"/>
  <testcase name="cfcaTest" time="1.101" classname="com.tsa.ra.testcase.RaTestCase"/>
  <testcase name="cfcaTest" time="1.084" classname="com.tsa.ra.testcase.RaTestCase"/>
  <testcase name="cfcaTest" time="1.075" classname="com.tsa.ra.testcase.RaTestCase"/>
  <testcase name="cfcaTest" time="0.68" classname="com.tsa.ra.testcase.RaTestCase"/>
  <testcase name="cfcaTest" time="1.048" classname="com.tsa.ra.testcase.RaTestCase"/>
  <testcase name="cfcaTest" time="1.016" classname="com.tsa.ra.testcase.RaTestCase"/>
  <testcase name="cfcaTest" time="1.036" classname="com.tsa.ra.testcase.RaTestCase"/>
  <testcase name="cfcaTest" time="0.905" classname="com.tsa.ra.testcase.RaTestCase"/>
  <testcase name="cfcaTest" time="1.037" classname="com.tsa.ra.testcase.RaTestCase"/>
  <testcase name="cfcaTest" time="1.065" classname="com.tsa.ra.testcase.RaTestCase"/>
  <testcase name="cfcaTest" time="1.045" classname="com.tsa.ra.testcase.RaTestCase"/>
  <testcase name="cfcaTest" time="1.059" classname="com.tsa.ra.testcase.RaTestCase"/>
  <testcase name="cfcaTest" time="1.023" classname="com.tsa.ra.testcase.RaTestCase"/>
  <testcase name="cfcaTest" time="1.039" classname="com.tsa.ra.testcase.RaTestCase"/>
  <testcase name="cfcaTest" time="1.03" classname="com.tsa.ra.testcase.RaTestCase"/>
  <testcase name="cfcaTest" time="1.046" classname="com.tsa.ra.testcase.RaTestCase"/>
  <testcase name="cfcaTest" time="1.072" classname="com.tsa.ra.testcase.RaTestCase"/>
  <testcase name="cfcaTest" time="1.01" classname="com.tsa.ra.testcase.RaTestCase"/>
  <testcase name="cfcaTest" time="1.036" classname="com.tsa.ra.testcase.RaTestCase"/>
  <testcase name="cfcaTest" time="1.022" classname="com.tsa.ra.testcase.RaTestCase"/>
  <testcase name="cfcaTest" time="1.061" classname="com.tsa.ra.testcase.RaTestCase"/>
  <testcase name="cfcaTest" time="1.038" classname="com.tsa.ra.testcase.RaTestCase"/>
  <testcase name="cfcaTest" time="0.917" classname="com.tsa.ra.testcase.RaTestCase"/>
  <testcase name="cfcaTest" time="1.054" classname="com.tsa.ra.testcase.RaTestCase"/>
  <testcase name="cfcaTest" time="1.052" classname="com.tsa.ra.testcase.RaTestCase"/>
  <testcase name="cfcaTest" time="1.057" classname="com.tsa.ra.testcase.RaTestCase"/>
  <testcase name="cfcaTest" time="0.889" classname="com.tsa.ra.testcase.RaTestCase"/>
  <testcase name="cfcaTest" time="1.022" classname="com.tsa.ra.testcase.RaTestCase"/>
  <testcase name="cfcaTest" time="1.042" classname="com.tsa.ra.testcase.RaTestCase"/>
  <testcase name="cfcaTest" time="1.045" classname="com.tsa.ra.testcase.RaTestCase"/>
  <testcase name="cfcaTest" time="0.83" classname="com.tsa.ra.testcase.RaTestCase"/>
  <testcase name="cfcaTest" time="1.038" classname="com.tsa.ra.testcase.RaTestCase"/>
  <testcase name="cfcaTest" time="1.042" classname="com.tsa.ra.testcase.RaTestCase"/>
  <testcase name="cfcaTest" time="1.066" classname="com.tsa.ra.testcase.RaTestCase"/>
  <testcase name="cfcaTest" time="0.823" classname="com.tsa.ra.testcase.RaTestCase"/>
  <testcase name="cfcaTest" time="1.054" classname="com.tsa.ra.testcase.RaTestCase"/>
  <testcase name="cfcaTest" time="1.054" classname="com.tsa.ra.testcase.RaTestCase"/>
  <testcase name="cfcaTest" time="1.041" classname="com.tsa.ra.testcase.RaTestCase"/>
  <testcase name="cfcaTest" time="1.019" classname="com.tsa.ra.testcase.RaTestCase"/>
  <testcase name="cfcaTest" time="1.047" classname="com.tsa.ra.testcase.RaTestCase"/>
  <testcase name="cfcaTest" time="1.081" classname="com.tsa.ra.testcase.RaTestCase"/>
  <testcase name="cfcaTest" time="1.081" classname="com.tsa.ra.testcase.RaTestCase"/>
  <testcase name="cfcaTest" time="1.008" classname="com.tsa.ra.testcase.RaTestCase"/>
  <testcase name="cfcaTest" time="1.028" classname="com.tsa.ra.testcase.RaTestCase"/>
  <testcase name="cfcaTest" time="1.367" classname="com.tsa.ra.testcase.RaTestCase"/>
  <testcase name="cfcaTest" time="0.763" classname="com.tsa.ra.testcase.RaTestCase"/>
  <testcase name="cfcaTest" time="0.39" classname="com.tsa.ra.testcase.RaTestCase"/>
  <testcase name="cfcaTest" time="0.426" classname="com.tsa.ra.testcase.RaTestCase"/>
  <testcase name="cfcaTest" time="1.686" classname="com.tsa.ra.testcase.RaTestCase"/>
  <testcase name="cfcaTest" time="0.397" classname="com.tsa.ra.testcase.RaTestCase"/>
  <testcase name="cfcaTest" time="0.379" classname="com.tsa.ra.testcase.RaTestCase"/>
  <testcase name="cfcaTest" time="0.378" classname="com.tsa.ra.testcase.RaTestCase"/>
  <testcase name="cfcaTest" time="1.115" classname="com.tsa.ra.testcase.RaTestCase"/>
  <testcase name="cfcaTest" time="1.737" classname="com.tsa.ra.testcase.RaTestCase"/>
  <testcase name="cfcaTest" time="1.259" classname="com.tsa.ra.testcase.RaTestCase"/>
  <testcase name="cfcaTest" time="1.288" classname="com.tsa.ra.testcase.RaTestCase"/>
  <testcase name="cfcaTest" time="0.893" classname="com.tsa.ra.testcase.RaTestCase"/>
  <testcase name="cfcaTest" time="2.253" classname="com.tsa.ra.testcase.RaTestCase"/>
  <testcase name="cfcaTest" time="1.995" classname="com.tsa.ra.testcase.RaTestCase"/>
  <testcase name="cfcaTest" time="0.624" classname="com.tsa.ra.testcase.RaTestCase"/>
  <testcase name="cfcaTest" time="0.568" classname="com.tsa.ra.testcase.RaTestCase"/>
  <testcase name="cfcaTest" time="1.028" classname="com.tsa.ra.testcase.RaTestCase"/>
  <testcase name="cfcaTest" time="1.022" classname="com.tsa.ra.testcase.RaTestCase"/>
  <testcase name="cfcaTest" time="1.052" classname="com.tsa.ra.testcase.RaTestCase"/>
  <testcase name="cfcaTest" time="1.014" classname="com.tsa.ra.testcase.RaTestCase"/>
  <testcase name="cfcaTest" time="2.142" classname="com.tsa.ra.testcase.RaTestCase"/>
  <testcase name="cfcaTest" time="1.295" classname="com.tsa.ra.testcase.RaTestCase"/>
  <testcase name="cfcaTest" time="0.35" classname="com.tsa.ra.testcase.RaTestCase"/>
  <testcase name="cfcaTest" time="0.869" classname="com.tsa.ra.testcase.RaTestCase"/>
  <testcase name="cfcaTest" time="2.019" classname="com.tsa.ra.testcase.RaTestCase"/>
  <testcase name="cfcaTest" time="1.542" classname="com.tsa.ra.testcase.RaTestCase"/>
  <testcase name="cfcaTest" time="1.005" classname="com.tsa.ra.testcase.RaTestCase"/>
  <testcase name="cfcaTest" time="1.022" classname="com.tsa.ra.testcase.RaTestCase"/>
  <testcase name="cfcaTest" time="1.04" classname="com.tsa.ra.testcase.RaTestCase"/>
  <testcase name="cfcaTest" time="1.004" classname="com.tsa.ra.testcase.RaTestCase"/>
  <testcase name="cfcaTest" time="1.058" classname="com.tsa.ra.testcase.RaTestCase"/>
  <testcase name="cfcaTest" time="1.015" classname="com.tsa.ra.testcase.RaTestCase"/>
  <testcase name="cfcaTest" time="1.206" classname="com.tsa.ra.testcase.RaTestCase"/>
  <testcase name="cfcaTest" time="1.728" classname="com.tsa.ra.testcase.RaTestCase"/>
  <testcase name="cfcaTest" time="2.234" classname="com.tsa.ra.testcase.RaTestCase"/>
  <testcase name="cfcaTest" time="0.36" classname="com.tsa.ra.testcase.RaTestCase"/>
  <testcase name="cfcaTest" time="0.383" classname="com.tsa.ra.testcase.RaTestCase"/>
  <testcase name="cfcaTest" time="0.386" classname="com.tsa.ra.testcase.RaTestCase"/>
  <testcase name="cfcaTest" time="0.366" classname="com.tsa.ra.testcase.RaTestCase"/>
  <testcase name="cfcaTest" time="0.387" classname="com.tsa.ra.testcase.RaTestCase"/>
  <testcase name="cfcaTest" time="0.386" classname="com.tsa.ra.testcase.RaTestCase"/>
  <testcase name="cfcaTest" time="0.376" classname="com.tsa.ra.testcase.RaTestCase"/>
  <testcase name="cfcaTest" time="0.379" classname="com.tsa.ra.testcase.RaTestCase"/>
  <testcase name="cfcaTest" time="0.38" classname="com.tsa.ra.testcase.RaTestCase"/>
  <testcase name="cfcaTest" time="0.373" classname="com.tsa.ra.testcase.RaTestCase"/>
  <testcase name="cfcaTest" time="0.386" classname="com.tsa.ra.testcase.RaTestCase"/>
  <testcase name="cfcaTest" time="0.374" classname="com.tsa.ra.testcase.RaTestCase"/>
  <testcase name="cfcaTest" time="0.357" classname="com.tsa.ra.testcase.RaTestCase"/>
  <testcase name="cfcaTest" time="0.385" classname="com.tsa.ra.testcase.RaTestCase"/>
  <testcase name="cfcaTest" time="0.378" classname="com.tsa.ra.testcase.RaTestCase"/>
  <testcase name="cfcaTest" time="0.352" classname="com.tsa.ra.testcase.RaTestCase"/>
  <testcase name="cfcaTest" time="0.381" classname="com.tsa.ra.testcase.RaTestCase"/>
  <testcase name="cfcaTest" time="0.374" classname="com.tsa.ra.testcase.RaTestCase"/>
  <testcase name="cfcaTest" time="0.362" classname="com.tsa.ra.testcase.RaTestCase"/>
  <testcase name="cfcaTest" time="0.384" classname="com.tsa.ra.testcase.RaTestCase"/>
  <testcase name="cfcaTest" time="0.412" classname="com.tsa.ra.testcase.RaTestCase"/>
  <testcase name="cfcaTest" time="0.378" classname="com.tsa.ra.testcase.RaTestCase"/>
  <testcase name="cfcaTest" time="0.386" classname="com.tsa.ra.testcase.RaTestCase"/>
  <testcase name="cfcaTest" time="0.378" classname="com.tsa.ra.testcase.RaTestCase"/>
  <testcase name="cfcaTest" time="0.34" classname="com.tsa.ra.testcase.RaTestCase"/>
  <testcase name="cfcaTest" time="0.393" classname="com.tsa.ra.testcase.RaTestCase"/>
  <testcase name="cfcaTest" time="0.373" classname="com.tsa.ra.testcase.RaTestCase"/>
  <testcase name="cfcaTest" time="0.368" classname="com.tsa.ra.testcase.RaTestCase"/>
  <testcase name="cfcaTest" time="0.373" classname="com.tsa.ra.testcase.RaTestCase"/>
  <testcase name="cfcaTest" time="0.374" classname="com.tsa.ra.testcase.RaTestCase"/>
  <testcase name="cfcaTest" time="0.355" classname="com.tsa.ra.testcase.RaTestCase"/>
  <testcase name="cfcaTest" time="0.373" classname="com.tsa.ra.testcase.RaTestCase"/>
  <testcase name="cfcaTest" time="0.383" classname="com.tsa.ra.testcase.RaTestCase"/>
  <testcase name="cfcaTest" time="0.376" classname="com.tsa.ra.testcase.RaTestCase"/>
  <testcase name="cfcaTest" time="0.375" classname="com.tsa.ra.testcase.RaTestCase"/>
  <testcase name="cfcaTest" time="0.375" classname="com.tsa.ra.testcase.RaTestCase"/>
  <testcase name="cfcaTest" time="0.376" classname="com.tsa.ra.testcase.RaTestCase"/>
  <testcase name="cfcaTest" time="0.384" classname="com.tsa.ra.testcase.RaTestCase"/>
  <testcase name="cfcaTest" time="0.379" classname="com.tsa.ra.testcase.RaTestCase"/>
  <testcase name="cfcaTest" time="0.356" classname="com.tsa.ra.testcase.RaTestCase"/>
  <testcase name="cfcaTest" time="0.383" classname="com.tsa.ra.testcase.RaTestCase"/>
  <testcase name="cfcaTest" time="0.382" classname="com.tsa.ra.testcase.RaTestCase"/>
  <testcase name="cfcaTest" time="0.382" classname="com.tsa.ra.testcase.RaTestCase"/>
  <testcase name="cfcaTest" time="0.339" classname="com.tsa.ra.testcase.RaTestCase"/>
  <testcase name="cfcaTest" time="0.411" classname="com.tsa.ra.testcase.RaTestCase"/>
  <testcase name="cfcaTest" time="0.43" classname="com.tsa.ra.testcase.RaTestCase"/>
  <testcase name="cfcaTest" time="0.449" classname="com.tsa.ra.testcase.RaTestCase"/>
  <testcase name="cfcaTest" time="0.671" classname="com.tsa.ra.testcase.RaTestCase"/>
  <testcase name="cfcaTest" time="0.717" classname="com.tsa.ra.testcase.RaTestCase"/>
  <testcase name="cfcaTest" time="0.462" classname="com.tsa.ra.testcase.RaTestCase"/>
  <testcase name="cfcaTest" time="1.616" classname="com.tsa.ra.testcase.RaTestCase"/>
  <testcase name="cfcaTest" time="1.056" classname="com.tsa.ra.testcase.RaTestCase"/>
  <testcase name="cfcaTest" time="2.249" classname="com.tsa.ra.testcase.RaTestCase"/>
  <testcase name="cfcaTest" time="2.009" classname="com.tsa.ra.testcase.RaTestCase"/>
  <testcase name="cfcaTest" time="0.992" classname="com.tsa.ra.testcase.RaTestCase"/>
  <testcase name="cfcaTest" time="1.058" classname="com.tsa.ra.testcase.RaTestCase"/>
  <testcase name="cfcaTest" time="1.984" classname="com.tsa.ra.testcase.RaTestCase"/>
  <testcase name="cfcaTest" time="1.039" classname="com.tsa.ra.testcase.RaTestCase"/>
  <testcase name="cfcaTest" time="0.989" classname="com.tsa.ra.testcase.RaTestCase"/>
  <testcase name="cfcaTest" time="0.81" classname="com.tsa.ra.testcase.RaTestCase"/>
  <testcase name="cfcaTest" time="0.979" classname="com.tsa.ra.testcase.RaTestCase"/>
  <testcase name="cfcaTest" time="1.002" classname="com.tsa.ra.testcase.RaTestCase"/>
  <testcase name="cfcaTest" time="1.004" classname="com.tsa.ra.testcase.RaTestCase"/>
  <testcase name="cfcaTest" time="0.352" classname="com.tsa.ra.testcase.RaTestCase"/>
  <testcase name="cfcaTest" time="0.379" classname="com.tsa.ra.testcase.RaTestCase"/>
  <testcase name="cfcaTest" time="0.378" classname="com.tsa.ra.testcase.RaTestCase"/>
  <testcase name="cfcaTest" time="0.374" classname="com.tsa.ra.testcase.RaTestCase"/>
  <testcase name="cfcaTest" time="0.378" classname="com.tsa.ra.testcase.RaTestCase"/>
  <testcase name="cfcaTest" time="0.383" classname="com.tsa.ra.testcase.RaTestCase"/>
  <testcase name="cfcaTest" time="0.383" classname="com.tsa.ra.testcase.RaTestCase"/>
  <testcase name="cfcaTest" time="0.376" classname="com.tsa.ra.testcase.RaTestCase"/>
  <testcase name="cfcaTest" time="0.372" classname="com.tsa.ra.testcase.RaTestCase"/>
</testsuite> <!-- 说明：1 预期结果前面显法false_表示预期结果不是后面的值;2 用例描述中显示值为空时，表示参数值为空字符串 -->
