<?xml version="1.0" encoding="UTF-8"?>
<!-- Generated by org.testng.reporters.JUnitXMLReporter -->
<testsuite hostname="ma-MS-7972" ignored="0" name="说明：1 预期结果前面显法false_表示预期结果不是后面的值;2 用例描述中显示值为空时，表示参数值为空字符串" tests="130" failures="0" timestamp="2019-09-27T18:03:07 CST" time="101.635" errors="0">
  <testcase name="cfcaTest" time="1.788" classname="com.tsa.ra.testcase.RaTestCase"/>
  <testcase name="cfcaTest" time="0.872" classname="com.tsa.ra.testcase.RaTestCase"/>
  <testcase name="cfcaTest" time="1.175" classname="com.tsa.ra.testcase.RaTestCase"/>
  <testcase name="cfcaTest" time="0.97" classname="com.tsa.ra.testcase.RaTestCase"/>
  <testcase name="cfcaTest" time="0.382" classname="com.tsa.ra.testcase.RaTestCase"/>
  <testcase name="cfcaTest" time="0.446" classname="com.tsa.ra.testcase.RaTestCase"/>
  <testcase name="cfcaTest" time="0.41" classname="com.tsa.ra.testcase.RaTestCase"/>
  <testcase name="cfcaTest" time="0.436" classname="com.tsa.ra.testcase.RaTestCase"/>
  <testcase name="cfcaTest" time="0.488" classname="com.tsa.ra.testcase.RaTestCase"/>
  <testcase name="cfcaTest" time="0.476" classname="com.tsa.ra.testcase.RaTestCase"/>
  <testcase name="cfcaTest" time="0.433" classname="com.tsa.ra.testcase.RaTestCase"/>
  <testcase name="cfcaTest" time="1.34" classname="com.tsa.ra.testcase.RaTestCase"/>
  <testcase name="cfcaTest" time="0.77" classname="com.tsa.ra.testcase.RaTestCase"/>
  <testcase name="cfcaTest" time="0.386" classname="com.tsa.ra.testcase.RaTestCase"/>
  <testcase name="cfcaTest" time="0.895" classname="com.tsa.ra.testcase.RaTestCase"/>
  <testcase name="cfcaTest" time="0.941" classname="com.tsa.ra.testcase.RaTestCase"/>
  <testcase name="cfcaTest" time="1.022" classname="com.tsa.ra.testcase.RaTestCase"/>
  <testcase name="cfcaTest" time="0.88" classname="com.tsa.ra.testcase.RaTestCase"/>
  <testcase name="cfcaTest" time="1.708" classname="com.tsa.ra.testcase.RaTestCase"/>
  <testcase name="cfcaTest" time="0.366" classname="com.tsa.ra.testcase.RaTestCase"/>
  <testcase name="cfcaTest" time="2.721" classname="com.tsa.ra.testcase.RaTestCase"/>
  <testcase name="cfcaTest" time="0.389" classname="com.tsa.ra.testcase.RaTestCase"/>
  <testcase name="cfcaTest" time="0.945" classname="com.tsa.ra.testcase.RaTestCase"/>
  <testcase name="cfcaTest" time="1.0" classname="com.tsa.ra.testcase.RaTestCase"/>
  <testcase name="cfcaTest" time="0.885" classname="com.tsa.ra.testcase.RaTestCase"/>
  <testcase name="cfcaTest" time="1.097" classname="com.tsa.ra.testcase.RaTestCase"/>
  <testcase name="cfcaTest" time="0.867" classname="com.tsa.ra.testcase.RaTestCase"/>
  <testcase name="cfcaTest" time="0.636" classname="com.tsa.ra.testcase.RaTestCase"/>
  <testcase name="cfcaTest" time="2.477" classname="com.tsa.ra.testcase.RaTestCase"/>
  <testcase name="cfcaTest" time="0.359" classname="com.tsa.ra.testcase.RaTestCase"/>
  <testcase name="cfcaTest" time="0.369" classname="com.tsa.ra.testcase.RaTestCase"/>
  <testcase name="cfcaTest" time="0.385" classname="com.tsa.ra.testcase.RaTestCase"/>
  <testcase name="cfcaTest" time="0.395" classname="com.tsa.ra.testcase.RaTestCase"/>
  <testcase name="cfcaTest" time="0.396" classname="com.tsa.ra.testcase.RaTestCase"/>
  <testcase name="cfcaTest" time="0.333" classname="com.tsa.ra.testcase.RaTestCase"/>
  <testcase name="cfcaTest" time="0.377" classname="com.tsa.ra.testcase.RaTestCase"/>
  <testcase name="cfcaTest" time="0.351" classname="com.tsa.ra.testcase.RaTestCase"/>
  <testcase name="cfcaTest" time="0.714" classname="com.tsa.ra.testcase.RaTestCase"/>
  <testcase name="cfcaTest" time="0.825" classname="com.tsa.ra.testcase.RaTestCase"/>
  <testcase name="cfcaTest" time="0.765" classname="com.tsa.ra.testcase.RaTestCase"/>
  <testcase name="cfcaTest" time="0.351" classname="com.tsa.ra.testcase.RaTestCase"/>
  <testcase name="cfcaTest" time="0.362" classname="com.tsa.ra.testcase.RaTestCase"/>
  <testcase name="cfcaTest" time="0.369" classname="com.tsa.ra.testcase.RaTestCase"/>
  <testcase name="cfcaTest" time="0.363" classname="com.tsa.ra.testcase.RaTestCase"/>
  <testcase name="cfcaTest" time="0.387" classname="com.tsa.ra.testcase.RaTestCase"/>
  <testcase name="cfcaTest" time="0.395" classname="com.tsa.ra.testcase.RaTestCase"/>
  <testcase name="cfcaTest" time="0.388" classname="com.tsa.ra.testcase.RaTestCase"/>
  <testcase name="cfcaTest" time="0.386" classname="com.tsa.ra.testcase.RaTestCase"/>
  <testcase name="cfcaTest" time="0.773" classname="com.tsa.ra.testcase.RaTestCase"/>
  <testcase name="cfcaTest" time="0.935" classname="com.tsa.ra.testcase.RaTestCase"/>
  <testcase name="cfcaTest" time="0.808" classname="com.tsa.ra.testcase.RaTestCase"/>
  <testcase name="cfcaTest" time="0.644" classname="com.tsa.ra.testcase.RaTestCase"/>
  <testcase name="cfcaTest" time="1.079" classname="com.tsa.ra.testcase.RaTestCase"/>
  <testcase name="cfcaTest" time="0.339" classname="com.tsa.ra.testcase.RaTestCase"/>
  <testcase name="cfcaTest" time="0.373" classname="com.tsa.ra.testcase.RaTestCase"/>
  <testcase name="cfcaTest" time="0.69" classname="com.tsa.ra.testcase.RaTestCase"/>
  <testcase name="cfcaTest" time="0.363" classname="com.tsa.ra.testcase.RaTestCase"/>
  <testcase name="cfcaTest" time="0.371" classname="com.tsa.ra.testcase.RaTestCase"/>
  <testcase name="cfcaTest" time="0.378" classname="com.tsa.ra.testcase.RaTestCase"/>
  <testcase name="cfcaTest" time="0.392" classname="com.tsa.ra.testcase.RaTestCase"/>
  <testcase name="cfcaTest" time="0.394" classname="com.tsa.ra.testcase.RaTestCase"/>
  <testcase name="cfcaTest" time="0.364" classname="com.tsa.ra.testcase.RaTestCase"/>
  <testcase name="cfcaTest" time="0.381" classname="com.tsa.ra.testcase.RaTestCase"/>
  <testcase name="cfcaTest" time="0.38" classname="com.tsa.ra.testcase.RaTestCase"/>
  <testcase name="cfcaTest" time="0.375" classname="com.tsa.ra.testcase.RaTestCase"/>
  <testcase name="cfcaTest" time="0.34" classname="com.tsa.ra.testcase.RaTestCase"/>
  <testcase name="cfcaTest" time="2.106" classname="com.tsa.ra.testcase.RaTestCase"/>
  <testcase name="cfcaTest" time="3.452" classname="com.tsa.ra.testcase.RaTestCase"/>
  <testcase name="cfcaTest" time="3.321" classname="com.tsa.ra.testcase.RaTestCase"/>
  <testcase name="cfcaTest" time="3.172" classname="com.tsa.ra.testcase.RaTestCase"/>
  <testcase name="cfcaTest" time="2.116" classname="com.tsa.ra.testcase.RaTestCase"/>
  <testcase name="cfcaTest" time="3.133" classname="com.tsa.ra.testcase.RaTestCase"/>
  <testcase name="cfcaTest" time="1.851" classname="com.tsa.ra.testcase.RaTestCase"/>
  <testcase name="cfcaTest" time="0.365" classname="com.tsa.ra.testcase.RaTestCase"/>
  <testcase name="cfcaTest" time="0.376" classname="com.tsa.ra.testcase.RaTestCase"/>
  <testcase name="cfcaTest" time="0.382" classname="com.tsa.ra.testcase.RaTestCase"/>
  <testcase name="cfcaTest" time="0.382" classname="com.tsa.ra.testcase.RaTestCase"/>
  <testcase name="cfcaTest" time="0.652" classname="com.tsa.ra.testcase.RaTestCase"/>
  <testcase name="cfcaTest" time="0.765" classname="com.tsa.ra.testcase.RaTestCase"/>
  <testcase name="cfcaTest" time="1.2" classname="com.tsa.ra.testcase.RaTestCase"/>
  <testcase name="cfcaTest" time="1.184" classname="com.tsa.ra.testcase.RaTestCase"/>
  <testcase name="cfcaTest" time="1.586" classname="com.tsa.ra.testcase.RaTestCase"/>
  <testcase name="cfcaTest" time="1.147" classname="com.tsa.ra.testcase.RaTestCase"/>
  <testcase name="cfcaTest" time="1.17" classname="com.tsa.ra.testcase.RaTestCase"/>
  <testcase name="cfcaTest" time="1.05" classname="com.tsa.ra.testcase.RaTestCase"/>
  <testcase name="cfcaTest" time="0.78" classname="com.tsa.ra.testcase.RaTestCase"/>
  <testcase name="cfcaTest" time="1.031" classname="com.tsa.ra.testcase.RaTestCase"/>
  <testcase name="cfcaTest" time="1.386" classname="com.tsa.ra.testcase.RaTestCase"/>
  <testcase name="cfcaTest" time="1.094" classname="com.tsa.ra.testcase.RaTestCase"/>
  <testcase name="cfcaTest" time="0.777" classname="com.tsa.ra.testcase.RaTestCase"/>
  <testcase name="cfcaTest" time="1.074" classname="com.tsa.ra.testcase.RaTestCase"/>
  <testcase name="cfcaTest" time="0.645" classname="com.tsa.ra.testcase.RaTestCase"/>
  <testcase name="cfcaTest" time="1.059" classname="com.tsa.ra.testcase.RaTestCase"/>
  <testcase name="cfcaTest" time="1.034" classname="com.tsa.ra.testcase.RaTestCase"/>
  <testcase name="cfcaTest" time="0.711" classname="com.tsa.ra.testcase.RaTestCase"/>
  <testcase name="cfcaTest" time="1.205" classname="com.tsa.ra.testcase.RaTestCase"/>
  <testcase name="cfcaTest" time="1.312" classname="com.tsa.ra.testcase.RaTestCase"/>
  <testcase name="cfcaTest" time="1.061" classname="com.tsa.ra.testcase.RaTestCase"/>
  <testcase name="cfcaTest" time="1.52" classname="com.tsa.ra.testcase.RaTestCase"/>
  <testcase name="cfcaTest" time="0.365" classname="com.tsa.ra.testcase.RaTestCase"/>
  <testcase name="cfcaTest" time="0.374" classname="com.tsa.ra.testcase.RaTestCase"/>
  <testcase name="cfcaTest" time="0.361" classname="com.tsa.ra.testcase.RaTestCase"/>
  <testcase name="cfcaTest" time="0.374" classname="com.tsa.ra.testcase.RaTestCase"/>
  <testcase name="cfcaTest" time="0.385" classname="com.tsa.ra.testcase.RaTestCase"/>
  <testcase name="cfcaTest" time="0.372" classname="com.tsa.ra.testcase.RaTestCase"/>
  <testcase name="cfcaTest" time="0.384" classname="com.tsa.ra.testcase.RaTestCase"/>
  <testcase name="cfcaTest" time="0.368" classname="com.tsa.ra.testcase.RaTestCase"/>
  <testcase name="cfcaTest" time="0.368" classname="com.tsa.ra.testcase.RaTestCase"/>
  <testcase name="cfcaTest" time="0.377" classname="com.tsa.ra.testcase.RaTestCase"/>
  <testcase name="cfcaTest" time="0.363" classname="com.tsa.ra.testcase.RaTestCase"/>
  <testcase name="cfcaTest" time="0.361" classname="com.tsa.ra.testcase.RaTestCase"/>
  <testcase name="cfcaTest" time="0.383" classname="com.tsa.ra.testcase.RaTestCase"/>
  <testcase name="cfcaTest" time="0.382" classname="com.tsa.ra.testcase.RaTestCase"/>
  <testcase name="cfcaTest" time="0.372" classname="com.tsa.ra.testcase.RaTestCase"/>
  <testcase name="cfcaTest" time="0.368" classname="com.tsa.ra.testcase.RaTestCase"/>
  <testcase name="cfcaTest" time="0.379" classname="com.tsa.ra.testcase.RaTestCase"/>
  <testcase name="cfcaTest" time="0.366" classname="com.tsa.ra.testcase.RaTestCase"/>
  <testcase name="cfcaTest" time="0.381" classname="com.tsa.ra.testcase.RaTestCase"/>
  <testcase name="cfcaTest" time="0.372" classname="com.tsa.ra.testcase.RaTestCase"/>
  <testcase name="cfcaTest" time="0.373" classname="com.tsa.ra.testcase.RaTestCase"/>
  <testcase name="cfcaTest" time="0.37" classname="com.tsa.ra.testcase.RaTestCase"/>
  <testcase name="cfcaTest" time="0.359" classname="com.tsa.ra.testcase.RaTestCase"/>
  <testcase name="cfcaTest" time="0.368" classname="com.tsa.ra.testcase.RaTestCase"/>
  <testcase name="cfcaTest" time="0.384" classname="com.tsa.ra.testcase.RaTestCase"/>
  <testcase name="cfcaTest" time="0.374" classname="com.tsa.ra.testcase.RaTestCase"/>
  <testcase name="cfcaTest" time="0.37" classname="com.tsa.ra.testcase.RaTestCase"/>
  <testcase name="cfcaTest" time="0.408" classname="com.tsa.ra.testcase.RaTestCase"/>
  <testcase name="cfcaTest" time="0.392" classname="com.tsa.ra.testcase.RaTestCase"/>
  <testcase name="cfcaTest" time="0.363" classname="com.tsa.ra.testcase.RaTestCase"/>
  <testcase name="cfcaTest" time="0.358" classname="com.tsa.ra.testcase.RaTestCase"/>
</testsuite> <!-- 说明：1 预期结果前面显法false_表示预期结果不是后面的值;2 用例描述中显示值为空时，表示参数值为空字符串 -->
