<?xml version="1.0" encoding="UTF-8"?>
<!-- Generated by org.testng.reporters.JUnitXMLReporter -->
<testsuite hostname="ma-MS-7972" ignored="0" name="说明：1 预期结果前面显法false_表示预期结果不是后面的值;2 用例描述中显示值为空时，表示参数值为空字符串" tests="130" failures="0" timestamp="2019-09-27T17:47:32 CST" time="109.193" errors="0">
  <testcase name="caTest" time="1.521" classname="com.tsa.ra.testcase.RaTestCase"/>
  <testcase name="caTest" time="1.336" classname="com.tsa.ra.testcase.RaTestCase"/>
  <testcase name="caTest" time="0.938" classname="com.tsa.ra.testcase.RaTestCase"/>
  <testcase name="caTest" time="1.223" classname="com.tsa.ra.testcase.RaTestCase"/>
  <testcase name="caTest" time="0.402" classname="com.tsa.ra.testcase.RaTestCase"/>
  <testcase name="caTest" time="0.43" classname="com.tsa.ra.testcase.RaTestCase"/>
  <testcase name="caTest" time="0.467" classname="com.tsa.ra.testcase.RaTestCase"/>
  <testcase name="caTest" time="0.427" classname="com.tsa.ra.testcase.RaTestCase"/>
  <testcase name="caTest" time="0.444" classname="com.tsa.ra.testcase.RaTestCase"/>
  <testcase name="caTest" time="0.491" classname="com.tsa.ra.testcase.RaTestCase"/>
  <testcase name="caTest" time="0.514" classname="com.tsa.ra.testcase.RaTestCase"/>
  <testcase name="caTest" time="0.78" classname="com.tsa.ra.testcase.RaTestCase"/>
  <testcase name="caTest" time="1.285" classname="com.tsa.ra.testcase.RaTestCase"/>
  <testcase name="caTest" time="0.364" classname="com.tsa.ra.testcase.RaTestCase"/>
  <testcase name="caTest" time="0.95" classname="com.tsa.ra.testcase.RaTestCase"/>
  <testcase name="caTest" time="1.356" classname="com.tsa.ra.testcase.RaTestCase"/>
  <testcase name="caTest" time="0.791" classname="com.tsa.ra.testcase.RaTestCase"/>
  <testcase name="caTest" time="0.933" classname="com.tsa.ra.testcase.RaTestCase"/>
  <testcase name="caTest" time="1.246" classname="com.tsa.ra.testcase.RaTestCase"/>
  <testcase name="caTest" time="0.393" classname="com.tsa.ra.testcase.RaTestCase"/>
  <testcase name="caTest" time="2.896" classname="com.tsa.ra.testcase.RaTestCase"/>
  <testcase name="caTest" time="0.396" classname="com.tsa.ra.testcase.RaTestCase"/>
  <testcase name="caTest" time="1.236" classname="com.tsa.ra.testcase.RaTestCase"/>
  <testcase name="caTest" time="1.0" classname="com.tsa.ra.testcase.RaTestCase"/>
  <testcase name="caTest" time="0.952" classname="com.tsa.ra.testcase.RaTestCase"/>
  <testcase name="caTest" time="1.484" classname="com.tsa.ra.testcase.RaTestCase"/>
  <testcase name="caTest" time="0.992" classname="com.tsa.ra.testcase.RaTestCase"/>
  <testcase name="caTest" time="0.81" classname="com.tsa.ra.testcase.RaTestCase"/>
  <testcase name="caTest" time="3.622" classname="com.tsa.ra.testcase.RaTestCase"/>
  <testcase name="caTest" time="0.397" classname="com.tsa.ra.testcase.RaTestCase"/>
  <testcase name="caTest" time="0.392" classname="com.tsa.ra.testcase.RaTestCase"/>
  <testcase name="caTest" time="0.397" classname="com.tsa.ra.testcase.RaTestCase"/>
  <testcase name="caTest" time="0.489" classname="com.tsa.ra.testcase.RaTestCase"/>
  <testcase name="caTest" time="0.426" classname="com.tsa.ra.testcase.RaTestCase"/>
  <testcase name="caTest" time="0.46" classname="com.tsa.ra.testcase.RaTestCase"/>
  <testcase name="caTest" time="0.365" classname="com.tsa.ra.testcase.RaTestCase"/>
  <testcase name="caTest" time="0.386" classname="com.tsa.ra.testcase.RaTestCase"/>
  <testcase name="caTest" time="1.222" classname="com.tsa.ra.testcase.RaTestCase"/>
  <testcase name="caTest" time="0.751" classname="com.tsa.ra.testcase.RaTestCase"/>
  <testcase name="caTest" time="0.949" classname="com.tsa.ra.testcase.RaTestCase"/>
  <testcase name="caTest" time="0.393" classname="com.tsa.ra.testcase.RaTestCase"/>
  <testcase name="caTest" time="0.39" classname="com.tsa.ra.testcase.RaTestCase"/>
  <testcase name="caTest" time="0.37" classname="com.tsa.ra.testcase.RaTestCase"/>
  <testcase name="caTest" time="0.357" classname="com.tsa.ra.testcase.RaTestCase"/>
  <testcase name="caTest" time="0.42" classname="com.tsa.ra.testcase.RaTestCase"/>
  <testcase name="caTest" time="0.357" classname="com.tsa.ra.testcase.RaTestCase"/>
  <testcase name="caTest" time="0.394" classname="com.tsa.ra.testcase.RaTestCase"/>
  <testcase name="caTest" time="0.375" classname="com.tsa.ra.testcase.RaTestCase"/>
  <testcase name="caTest" time="1.113" classname="com.tsa.ra.testcase.RaTestCase"/>
  <testcase name="caTest" time="0.807" classname="com.tsa.ra.testcase.RaTestCase"/>
  <testcase name="caTest" time="1.322" classname="com.tsa.ra.testcase.RaTestCase"/>
  <testcase name="caTest" time="0.724" classname="com.tsa.ra.testcase.RaTestCase"/>
  <testcase name="caTest" time="0.686" classname="com.tsa.ra.testcase.RaTestCase"/>
  <testcase name="caTest" time="0.447" classname="com.tsa.ra.testcase.RaTestCase"/>
  <testcase name="caTest" time="0.409" classname="com.tsa.ra.testcase.RaTestCase"/>
  <testcase name="caTest" time="1.129" classname="com.tsa.ra.testcase.RaTestCase"/>
  <testcase name="caTest" time="0.387" classname="com.tsa.ra.testcase.RaTestCase"/>
  <testcase name="caTest" time="0.381" classname="com.tsa.ra.testcase.RaTestCase"/>
  <testcase name="caTest" time="0.393" classname="com.tsa.ra.testcase.RaTestCase"/>
  <testcase name="caTest" time="0.392" classname="com.tsa.ra.testcase.RaTestCase"/>
  <testcase name="caTest" time="0.396" classname="com.tsa.ra.testcase.RaTestCase"/>
  <testcase name="caTest" time="0.392" classname="com.tsa.ra.testcase.RaTestCase"/>
  <testcase name="caTest" time="0.384" classname="com.tsa.ra.testcase.RaTestCase"/>
  <testcase name="caTest" time="0.389" classname="com.tsa.ra.testcase.RaTestCase"/>
  <testcase name="caTest" time="0.371" classname="com.tsa.ra.testcase.RaTestCase"/>
  <testcase name="caTest" time="0.378" classname="com.tsa.ra.testcase.RaTestCase"/>
  <testcase name="caTest" time="2.685" classname="com.tsa.ra.testcase.RaTestCase"/>
  <testcase name="caTest" time="2.14" classname="com.tsa.ra.testcase.RaTestCase"/>
  <testcase name="caTest" time="5.1" classname="com.tsa.ra.testcase.RaTestCase"/>
  <testcase name="caTest" time="3.406" classname="com.tsa.ra.testcase.RaTestCase"/>
  <testcase name="caTest" time="2.053" classname="com.tsa.ra.testcase.RaTestCase"/>
  <testcase name="caTest" time="2.799" classname="com.tsa.ra.testcase.RaTestCase"/>
  <testcase name="caTest" time="2.403" classname="com.tsa.ra.testcase.RaTestCase"/>
  <testcase name="caTest" time="0.385" classname="com.tsa.ra.testcase.RaTestCase"/>
  <testcase name="caTest" time="0.385" classname="com.tsa.ra.testcase.RaTestCase"/>
  <testcase name="caTest" time="0.385" classname="com.tsa.ra.testcase.RaTestCase"/>
  <testcase name="caTest" time="0.406" classname="com.tsa.ra.testcase.RaTestCase"/>
  <testcase name="caTest" time="1.143" classname="com.tsa.ra.testcase.RaTestCase"/>
  <testcase name="caTest" time="1.266" classname="com.tsa.ra.testcase.RaTestCase"/>
  <testcase name="caTest" time="0.816" classname="com.tsa.ra.testcase.RaTestCase"/>
  <testcase name="caTest" time="1.21" classname="com.tsa.ra.testcase.RaTestCase"/>
  <testcase name="caTest" time="0.765" classname="com.tsa.ra.testcase.RaTestCase"/>
  <testcase name="caTest" time="0.697" classname="com.tsa.ra.testcase.RaTestCase"/>
  <testcase name="caTest" time="1.05" classname="com.tsa.ra.testcase.RaTestCase"/>
  <testcase name="caTest" time="1.398" classname="com.tsa.ra.testcase.RaTestCase"/>
  <testcase name="caTest" time="0.842" classname="com.tsa.ra.testcase.RaTestCase"/>
  <testcase name="caTest" time="1.149" classname="com.tsa.ra.testcase.RaTestCase"/>
  <testcase name="caTest" time="1.567" classname="com.tsa.ra.testcase.RaTestCase"/>
  <testcase name="caTest" time="1.34" classname="com.tsa.ra.testcase.RaTestCase"/>
  <testcase name="caTest" time="0.87" classname="com.tsa.ra.testcase.RaTestCase"/>
  <testcase name="caTest" time="1.236" classname="com.tsa.ra.testcase.RaTestCase"/>
  <testcase name="caTest" time="1.573" classname="com.tsa.ra.testcase.RaTestCase"/>
  <testcase name="caTest" time="0.886" classname="com.tsa.ra.testcase.RaTestCase"/>
  <testcase name="caTest" time="0.96" classname="com.tsa.ra.testcase.RaTestCase"/>
  <testcase name="caTest" time="0.886" classname="com.tsa.ra.testcase.RaTestCase"/>
  <testcase name="caTest" time="0.773" classname="com.tsa.ra.testcase.RaTestCase"/>
  <testcase name="caTest" time="1.023" classname="com.tsa.ra.testcase.RaTestCase"/>
  <testcase name="caTest" time="1.375" classname="com.tsa.ra.testcase.RaTestCase"/>
  <testcase name="caTest" time="1.665" classname="com.tsa.ra.testcase.RaTestCase"/>
  <testcase name="caTest" time="0.428" classname="com.tsa.ra.testcase.RaTestCase"/>
  <testcase name="caTest" time="0.386" classname="com.tsa.ra.testcase.RaTestCase"/>
  <testcase name="caTest" time="0.385" classname="com.tsa.ra.testcase.RaTestCase"/>
  <testcase name="caTest" time="0.388" classname="com.tsa.ra.testcase.RaTestCase"/>
  <testcase name="caTest" time="0.381" classname="com.tsa.ra.testcase.RaTestCase"/>
  <testcase name="caTest" time="0.378" classname="com.tsa.ra.testcase.RaTestCase"/>
  <testcase name="caTest" time="0.386" classname="com.tsa.ra.testcase.RaTestCase"/>
  <testcase name="caTest" time="0.329" classname="com.tsa.ra.testcase.RaTestCase"/>
  <testcase name="caTest" time="0.357" classname="com.tsa.ra.testcase.RaTestCase"/>
  <testcase name="caTest" time="0.372" classname="com.tsa.ra.testcase.RaTestCase"/>
  <testcase name="caTest" time="0.359" classname="com.tsa.ra.testcase.RaTestCase"/>
  <testcase name="caTest" time="0.386" classname="com.tsa.ra.testcase.RaTestCase"/>
  <testcase name="caTest" time="0.365" classname="com.tsa.ra.testcase.RaTestCase"/>
  <testcase name="caTest" time="0.386" classname="com.tsa.ra.testcase.RaTestCase"/>
  <testcase name="caTest" time="0.383" classname="com.tsa.ra.testcase.RaTestCase"/>
  <testcase name="caTest" time="0.38" classname="com.tsa.ra.testcase.RaTestCase"/>
  <testcase name="caTest" time="0.38" classname="com.tsa.ra.testcase.RaTestCase"/>
  <testcase name="caTest" time="0.388" classname="com.tsa.ra.testcase.RaTestCase"/>
  <testcase name="caTest" time="0.385" classname="com.tsa.ra.testcase.RaTestCase"/>
  <testcase name="caTest" time="0.404" classname="com.tsa.ra.testcase.RaTestCase"/>
  <testcase name="caTest" time="0.382" classname="com.tsa.ra.testcase.RaTestCase"/>
  <testcase name="caTest" time="0.384" classname="com.tsa.ra.testcase.RaTestCase"/>
  <testcase name="caTest" time="0.387" classname="com.tsa.ra.testcase.RaTestCase"/>
  <testcase name="caTest" time="0.388" classname="com.tsa.ra.testcase.RaTestCase"/>
  <testcase name="caTest" time="0.378" classname="com.tsa.ra.testcase.RaTestCase"/>
  <testcase name="caTest" time="0.398" classname="com.tsa.ra.testcase.RaTestCase"/>
  <testcase name="caTest" time="0.411" classname="com.tsa.ra.testcase.RaTestCase"/>
  <testcase name="caTest" time="0.357" classname="com.tsa.ra.testcase.RaTestCase"/>
  <testcase name="caTest" time="0.394" classname="com.tsa.ra.testcase.RaTestCase"/>
  <testcase name="caTest" time="0.347" classname="com.tsa.ra.testcase.RaTestCase"/>
  <testcase name="caTest" time="0.35" classname="com.tsa.ra.testcase.RaTestCase"/>
</testsuite> <!-- 说明：1 预期结果前面显法false_表示预期结果不是后面的值;2 用例描述中显示值为空时，表示参数值为空字符串 -->
