<?xml version="1.0" encoding="UTF-8"?>
<!-- Generated by org.testng.reporters.JUnitXMLReporter -->
<testsuite hostname="ma-MS-7972" ignored="0" name="说明：1 预期结果前面显法false_表示预期结果不是后面的值;2 用例描述中显示值为空时，表示参数值为空字符串" tests="159" failures="0" timestamp="2019-08-30T17:34:34 CST" time="116.776" errors="0">
  <testcase name="caTest" time="1.736" classname="com.tsa.ra.testcase.RaTestCase"/>
  <testcase name="caTest" time="1.115" classname="com.tsa.ra.testcase.RaTestCase"/>
  <testcase name="caTest" time="1.07" classname="com.tsa.ra.testcase.RaTestCase"/>
  <testcase name="caTest" time="1.001" classname="com.tsa.ra.testcase.RaTestCase"/>
  <testcase name="caTest" time="1.006" classname="com.tsa.ra.testcase.RaTestCase"/>
  <testcase name="caTest" time="1.065" classname="com.tsa.ra.testcase.RaTestCase"/>
  <testcase name="caTest" time="0.988" classname="com.tsa.ra.testcase.RaTestCase"/>
  <testcase name="caTest" time="1.004" classname="com.tsa.ra.testcase.RaTestCase"/>
  <testcase name="caTest" time="0.943" classname="com.tsa.ra.testcase.RaTestCase"/>
  <testcase name="caTest" time="0.977" classname="com.tsa.ra.testcase.RaTestCase"/>
  <testcase name="caTest" time="0.997" classname="com.tsa.ra.testcase.RaTestCase"/>
  <testcase name="caTest" time="0.987" classname="com.tsa.ra.testcase.RaTestCase"/>
  <testcase name="caTest" time="1.023" classname="com.tsa.ra.testcase.RaTestCase"/>
  <testcase name="caTest" time="1.029" classname="com.tsa.ra.testcase.RaTestCase"/>
  <testcase name="caTest" time="1.002" classname="com.tsa.ra.testcase.RaTestCase"/>
  <testcase name="caTest" time="1.02" classname="com.tsa.ra.testcase.RaTestCase"/>
  <testcase name="caTest" time="0.97" classname="com.tsa.ra.testcase.RaTestCase"/>
  <testcase name="caTest" time="1.015" classname="com.tsa.ra.testcase.RaTestCase"/>
  <testcase name="caTest" time="1.026" classname="com.tsa.ra.testcase.RaTestCase"/>
  <testcase name="caTest" time="0.99" classname="com.tsa.ra.testcase.RaTestCase"/>
  <testcase name="caTest" time="0.945" classname="com.tsa.ra.testcase.RaTestCase"/>
  <testcase name="caTest" time="0.98" classname="com.tsa.ra.testcase.RaTestCase"/>
  <testcase name="caTest" time="0.981" classname="com.tsa.ra.testcase.RaTestCase"/>
  <testcase name="caTest" time="0.988" classname="com.tsa.ra.testcase.RaTestCase"/>
  <testcase name="caTest" time="1.007" classname="com.tsa.ra.testcase.RaTestCase"/>
  <testcase name="caTest" time="1.01" classname="com.tsa.ra.testcase.RaTestCase"/>
  <testcase name="caTest" time="0.978" classname="com.tsa.ra.testcase.RaTestCase"/>
  <testcase name="caTest" time="0.986" classname="com.tsa.ra.testcase.RaTestCase"/>
  <testcase name="caTest" time="0.996" classname="com.tsa.ra.testcase.RaTestCase"/>
  <testcase name="caTest" time="0.991" classname="com.tsa.ra.testcase.RaTestCase"/>
  <testcase name="caTest" time="1.003" classname="com.tsa.ra.testcase.RaTestCase"/>
  <testcase name="caTest" time="1.022" classname="com.tsa.ra.testcase.RaTestCase"/>
  <testcase name="caTest" time="0.991" classname="com.tsa.ra.testcase.RaTestCase"/>
  <testcase name="caTest" time="1.004" classname="com.tsa.ra.testcase.RaTestCase"/>
  <testcase name="caTest" time="1.026" classname="com.tsa.ra.testcase.RaTestCase"/>
  <testcase name="caTest" time="1.012" classname="com.tsa.ra.testcase.RaTestCase"/>
  <testcase name="caTest" time="1.021" classname="com.tsa.ra.testcase.RaTestCase"/>
  <testcase name="caTest" time="1.049" classname="com.tsa.ra.testcase.RaTestCase"/>
  <testcase name="caTest" time="0.968" classname="com.tsa.ra.testcase.RaTestCase"/>
  <testcase name="caTest" time="1.012" classname="com.tsa.ra.testcase.RaTestCase"/>
  <testcase name="caTest" time="0.978" classname="com.tsa.ra.testcase.RaTestCase"/>
  <testcase name="caTest" time="1.008" classname="com.tsa.ra.testcase.RaTestCase"/>
  <testcase name="caTest" time="0.995" classname="com.tsa.ra.testcase.RaTestCase"/>
  <testcase name="caTest" time="0.986" classname="com.tsa.ra.testcase.RaTestCase"/>
  <testcase name="caTest" time="1.0" classname="com.tsa.ra.testcase.RaTestCase"/>
  <testcase name="caTest" time="0.996" classname="com.tsa.ra.testcase.RaTestCase"/>
  <testcase name="caTest" time="0.988" classname="com.tsa.ra.testcase.RaTestCase"/>
  <testcase name="caTest" time="0.993" classname="com.tsa.ra.testcase.RaTestCase"/>
  <testcase name="caTest" time="1.021" classname="com.tsa.ra.testcase.RaTestCase"/>
  <testcase name="caTest" time="1.024" classname="com.tsa.ra.testcase.RaTestCase"/>
  <testcase name="caTest" time="1.017" classname="com.tsa.ra.testcase.RaTestCase"/>
  <testcase name="caTest" time="1.037" classname="com.tsa.ra.testcase.RaTestCase"/>
  <testcase name="caTest" time="0.355" classname="com.tsa.ra.testcase.RaTestCase"/>
  <testcase name="caTest" time="0.344" classname="com.tsa.ra.testcase.RaTestCase"/>
  <testcase name="caTest" time="0.317" classname="com.tsa.ra.testcase.RaTestCase"/>
  <testcase name="caTest" time="0.344" classname="com.tsa.ra.testcase.RaTestCase"/>
  <testcase name="caTest" time="0.308" classname="com.tsa.ra.testcase.RaTestCase"/>
  <testcase name="caTest" time="0.311" classname="com.tsa.ra.testcase.RaTestCase"/>
  <testcase name="caTest" time="0.341" classname="com.tsa.ra.testcase.RaTestCase"/>
  <testcase name="caTest" time="0.98" classname="com.tsa.ra.testcase.RaTestCase"/>
  <testcase name="caTest" time="1.017" classname="com.tsa.ra.testcase.RaTestCase"/>
  <testcase name="caTest" time="1.012" classname="com.tsa.ra.testcase.RaTestCase"/>
  <testcase name="caTest" time="1.032" classname="com.tsa.ra.testcase.RaTestCase"/>
  <testcase name="caTest" time="0.994" classname="com.tsa.ra.testcase.RaTestCase"/>
  <testcase name="caTest" time="1.965" classname="com.tsa.ra.testcase.RaTestCase"/>
  <testcase name="caTest" time="2.131" classname="com.tsa.ra.testcase.RaTestCase"/>
  <testcase name="caTest" time="0.31" classname="com.tsa.ra.testcase.RaTestCase"/>
  <testcase name="caTest" time="0.324" classname="com.tsa.ra.testcase.RaTestCase"/>
  <testcase name="caTest" time="1.016" classname="com.tsa.ra.testcase.RaTestCase"/>
  <testcase name="caTest" time="1.006" classname="com.tsa.ra.testcase.RaTestCase"/>
  <testcase name="caTest" time="0.979" classname="com.tsa.ra.testcase.RaTestCase"/>
  <testcase name="caTest" time="1.03" classname="com.tsa.ra.testcase.RaTestCase"/>
  <testcase name="caTest" time="0.997" classname="com.tsa.ra.testcase.RaTestCase"/>
  <testcase name="caTest" time="0.321" classname="com.tsa.ra.testcase.RaTestCase"/>
  <testcase name="caTest" time="0.342" classname="com.tsa.ra.testcase.RaTestCase"/>
  <testcase name="caTest" time="0.331" classname="com.tsa.ra.testcase.RaTestCase"/>
  <testcase name="caTest" time="1.064" classname="com.tsa.ra.testcase.RaTestCase"/>
  <testcase name="caTest" time="1.006" classname="com.tsa.ra.testcase.RaTestCase"/>
  <testcase name="caTest" time="0.982" classname="com.tsa.ra.testcase.RaTestCase"/>
  <testcase name="caTest" time="1.001" classname="com.tsa.ra.testcase.RaTestCase"/>
  <testcase name="caTest" time="0.992" classname="com.tsa.ra.testcase.RaTestCase"/>
  <testcase name="caTest" time="1.008" classname="com.tsa.ra.testcase.RaTestCase"/>
  <testcase name="caTest" time="0.996" classname="com.tsa.ra.testcase.RaTestCase"/>
  <testcase name="caTest" time="1.009" classname="com.tsa.ra.testcase.RaTestCase"/>
  <testcase name="caTest" time="1.587" classname="com.tsa.ra.testcase.RaTestCase"/>
  <testcase name="caTest" time="1.983" classname="com.tsa.ra.testcase.RaTestCase"/>
  <testcase name="caTest" time="1.6" classname="com.tsa.ra.testcase.RaTestCase"/>
  <testcase name="caTest" time="0.336" classname="com.tsa.ra.testcase.RaTestCase"/>
  <testcase name="caTest" time="0.33" classname="com.tsa.ra.testcase.RaTestCase"/>
  <testcase name="caTest" time="0.337" classname="com.tsa.ra.testcase.RaTestCase"/>
  <testcase name="caTest" time="0.325" classname="com.tsa.ra.testcase.RaTestCase"/>
  <testcase name="caTest" time="0.341" classname="com.tsa.ra.testcase.RaTestCase"/>
  <testcase name="caTest" time="0.328" classname="com.tsa.ra.testcase.RaTestCase"/>
  <testcase name="caTest" time="0.341" classname="com.tsa.ra.testcase.RaTestCase"/>
  <testcase name="caTest" time="0.341" classname="com.tsa.ra.testcase.RaTestCase"/>
  <testcase name="caTest" time="0.324" classname="com.tsa.ra.testcase.RaTestCase"/>
  <testcase name="caTest" time="0.346" classname="com.tsa.ra.testcase.RaTestCase"/>
  <testcase name="caTest" time="0.339" classname="com.tsa.ra.testcase.RaTestCase"/>
  <testcase name="caTest" time="0.341" classname="com.tsa.ra.testcase.RaTestCase"/>
  <testcase name="caTest" time="0.327" classname="com.tsa.ra.testcase.RaTestCase"/>
  <testcase name="caTest" time="0.328" classname="com.tsa.ra.testcase.RaTestCase"/>
  <testcase name="caTest" time="0.325" classname="com.tsa.ra.testcase.RaTestCase"/>
  <testcase name="caTest" time="0.34" classname="com.tsa.ra.testcase.RaTestCase"/>
  <testcase name="caTest" time="0.314" classname="com.tsa.ra.testcase.RaTestCase"/>
  <testcase name="caTest" time="0.33" classname="com.tsa.ra.testcase.RaTestCase"/>
  <testcase name="caTest" time="0.317" classname="com.tsa.ra.testcase.RaTestCase"/>
  <testcase name="caTest" time="0.321" classname="com.tsa.ra.testcase.RaTestCase"/>
  <testcase name="caTest" time="0.339" classname="com.tsa.ra.testcase.RaTestCase"/>
  <testcase name="caTest" time="0.318" classname="com.tsa.ra.testcase.RaTestCase"/>
  <testcase name="caTest" time="0.33" classname="com.tsa.ra.testcase.RaTestCase"/>
  <testcase name="caTest" time="0.301" classname="com.tsa.ra.testcase.RaTestCase"/>
  <testcase name="caTest" time="0.313" classname="com.tsa.ra.testcase.RaTestCase"/>
  <testcase name="caTest" time="0.323" classname="com.tsa.ra.testcase.RaTestCase"/>
  <testcase name="caTest" time="0.339" classname="com.tsa.ra.testcase.RaTestCase"/>
  <testcase name="caTest" time="0.337" classname="com.tsa.ra.testcase.RaTestCase"/>
  <testcase name="caTest" time="0.317" classname="com.tsa.ra.testcase.RaTestCase"/>
  <testcase name="caTest" time="0.323" classname="com.tsa.ra.testcase.RaTestCase"/>
  <testcase name="caTest" time="0.325" classname="com.tsa.ra.testcase.RaTestCase"/>
  <testcase name="caTest" time="0.294" classname="com.tsa.ra.testcase.RaTestCase"/>
  <testcase name="caTest" time="0.316" classname="com.tsa.ra.testcase.RaTestCase"/>
  <testcase name="caTest" time="0.33" classname="com.tsa.ra.testcase.RaTestCase"/>
  <testcase name="caTest" time="0.311" classname="com.tsa.ra.testcase.RaTestCase"/>
  <testcase name="caTest" time="0.296" classname="com.tsa.ra.testcase.RaTestCase"/>
  <testcase name="caTest" time="0.297" classname="com.tsa.ra.testcase.RaTestCase"/>
  <testcase name="caTest" time="0.374" classname="com.tsa.ra.testcase.RaTestCase"/>
  <testcase name="caTest" time="0.332" classname="com.tsa.ra.testcase.RaTestCase"/>
  <testcase name="caTest" time="0.331" classname="com.tsa.ra.testcase.RaTestCase"/>
  <testcase name="caTest" time="0.326" classname="com.tsa.ra.testcase.RaTestCase"/>
  <testcase name="caTest" time="0.334" classname="com.tsa.ra.testcase.RaTestCase"/>
  <testcase name="caTest" time="0.335" classname="com.tsa.ra.testcase.RaTestCase"/>
  <testcase name="caTest" time="0.328" classname="com.tsa.ra.testcase.RaTestCase"/>
  <testcase name="caTest" time="0.322" classname="com.tsa.ra.testcase.RaTestCase"/>
  <testcase name="caTest" time="0.31" classname="com.tsa.ra.testcase.RaTestCase"/>
  <testcase name="caTest" time="0.34" classname="com.tsa.ra.testcase.RaTestCase"/>
  <testcase name="caTest" time="0.384" classname="com.tsa.ra.testcase.RaTestCase"/>
  <testcase name="caTest" time="0.352" classname="com.tsa.ra.testcase.RaTestCase"/>
  <testcase name="caTest" time="0.359" classname="com.tsa.ra.testcase.RaTestCase"/>
  <testcase name="caTest" time="0.338" classname="com.tsa.ra.testcase.RaTestCase"/>
  <testcase name="caTest" time="1.015" classname="com.tsa.ra.testcase.RaTestCase"/>
  <testcase name="caTest" time="0.953" classname="com.tsa.ra.testcase.RaTestCase"/>
  <testcase name="caTest" time="0.961" classname="com.tsa.ra.testcase.RaTestCase"/>
  <testcase name="caTest" time="0.966" classname="com.tsa.ra.testcase.RaTestCase"/>
  <testcase name="caTest" time="0.92" classname="com.tsa.ra.testcase.RaTestCase"/>
  <testcase name="caTest" time="0.977" classname="com.tsa.ra.testcase.RaTestCase"/>
  <testcase name="caTest" time="0.945" classname="com.tsa.ra.testcase.RaTestCase"/>
  <testcase name="caTest" time="0.978" classname="com.tsa.ra.testcase.RaTestCase"/>
  <testcase name="caTest" time="0.979" classname="com.tsa.ra.testcase.RaTestCase"/>
  <testcase name="caTest" time="0.949" classname="com.tsa.ra.testcase.RaTestCase"/>
  <testcase name="caTest" time="0.949" classname="com.tsa.ra.testcase.RaTestCase"/>
  <testcase name="caTest" time="0.926" classname="com.tsa.ra.testcase.RaTestCase"/>
  <testcase name="caTest" time="0.327" classname="com.tsa.ra.testcase.RaTestCase"/>
  <testcase name="caTest" time="0.337" classname="com.tsa.ra.testcase.RaTestCase"/>
  <testcase name="caTest" time="0.311" classname="com.tsa.ra.testcase.RaTestCase"/>
  <testcase name="caTest" time="0.331" classname="com.tsa.ra.testcase.RaTestCase"/>
  <testcase name="caTest" time="0.328" classname="com.tsa.ra.testcase.RaTestCase"/>
  <testcase name="caTest" time="0.332" classname="com.tsa.ra.testcase.RaTestCase"/>
  <testcase name="caTest" time="0.334" classname="com.tsa.ra.testcase.RaTestCase"/>
  <testcase name="caTest" time="0.317" classname="com.tsa.ra.testcase.RaTestCase"/>
  <testcase name="caTest" time="0.305" classname="com.tsa.ra.testcase.RaTestCase"/>
</testsuite> <!-- 说明：1 预期结果前面显法false_表示预期结果不是后面的值;2 用例描述中显示值为空时，表示参数值为空字符串 -->
