<?xml version="1.0" encoding="UTF-8"?>
<!-- Generated by org.testng.reporters.JUnitXMLReporter -->
<testsuite hostname="ma-MS-7972" ignored="0" name="这些是测试模块" tests="1" failures="1" timestamp="2019-08-23T17:14:22 CST" time="0.883" errors="0">
  <testcase name="caTest" time="0.176" classname="com.tsa.ra.testcase.RaTestCase">
    <failure type="java.lang.Error" message="Unresolved compilation problems: 
	JSON cannot be resolved
	JSONObject cannot be resolved to a type
	JSONObject cannot be resolved
	JSONObject cannot be resolved
	JSONObject cannot be resolved
">
      <![CDATA[java.lang.Error: Unresolved compilation problems: 
JSON cannot be resolved
JSONObject cannot be resolved to a type
JSONObject cannot be resolved
JSONObject cannot be resolved
JSONObject cannot be resolved

at cn.tsa.CertAPIDemo.certApiDemo(CertAPIDemo.java:131)
at com.tsa.ra.testcase.RaTestCase.caTest(RaTestCase.java:27)
at java.util.ArrayList.forEach(ArrayList.java:1257)
... Removed 27 stack frames]]>
    </failure>
  </testcase> <!-- caTest -->
</testsuite> <!-- 这些是测试模块 -->
